2019-05-16 08:05:412 INFO  HomePage :29 - click on register link
2019-05-16 08:05:316 INFO  HomePage :98 - get register page text
2019-05-16 08:05:716 INFO  HomePage :44 - click on computers
2019-05-16 08:05:631 INFO  HomePage :24 - get computer page text
2019-05-16 08:05:505 INFO  HomePage :24 - click on login link
2019-05-16 08:05:548 INFO  HomePage :33 - get welcome text
2019-05-16 08:05:622 INFO  HomePage :24 - click on login link
2019-05-16 08:05:383 INFO  HomePage :18 - enter email address
2019-05-16 08:05:780 INFO  HomePage :23 - enter password
2019-05-16 08:05:976 INFO  HomePage :28 - click on login button
2019-05-16 08:05:394 INFO  HomePage :44 - click on computers
2019-05-16 08:05:768 INFO  HomePage :29 - click on desktop image
2019-05-16 08:05:41 INFO  HomePage :39 - get desktop text
2019-05-16 08:05:944 INFO  HomePage :44 - click on computers
2019-05-16 08:05:793 INFO  HomePage :29 - click on desktop image
2019-05-16 08:05:166 INFO  HomePage :34 - click on add to cart button
2019-05-16 08:05:306 INFO  HomePage :18 - get build you own page text
2019-05-16 08:05:625 INFO  HomePage :44 - click on computers
2019-05-16 08:05:107 INFO  HomePage :29 - click on desktop image
2019-05-16 08:05:597 INFO  HomePage :34 - click on add to cart button
2019-05-16 08:05:723 INFO  HomePage :23 - click on hdd 320GB
2019-05-16 08:05:918 INFO  HomePage :33 - click on add to cart
2019-05-16 08:05:10 INFO  HomePage :28 - check if item is added successfully
2019-05-16 09:05:937 INFO  HomePage :44 - click on computers
2019-05-16 09:05:475 INFO  HomePage :24 - get computer page text
2019-05-16 10:05:802 INFO  HomePage :29 - click on register link
2019-05-16 10:05:722 INFO  HomePage :99 - get register page text
2019-05-16 10:05:136 INFO  HomePage :44 - click on computers
2019-05-16 10:05:719 INFO  HomePage :24 - get computer page text
2019-05-16 10:05:46 INFO  HomePage :24 - click on login link
2019-05-16 10:05:812 INFO  HomePage :33 - get welcome text
2019-05-16 10:05:198 INFO  HomePage :24 - click on login link
2019-05-16 10:05:976 INFO  HomePage :18 - enter email address
2019-05-16 10:05:399 INFO  HomePage :23 - enter password
2019-05-16 10:05:523 INFO  HomePage :28 - click on login button
2019-05-16 10:05:216 INFO  HomePage :44 - click on computers
2019-05-16 10:05:990 INFO  HomePage :29 - click on desktop image
2019-05-16 10:05:307 INFO  HomePage :39 - get desktop text
2019-05-16 10:05:889 INFO  HomePage :44 - click on computers
2019-05-16 10:05:333 INFO  HomePage :29 - click on desktop image
2019-05-16 10:05:717 INFO  HomePage :34 - click on add to cart button
2019-05-16 10:05:871 INFO  HomePage :18 - get build you own page text
2019-05-16 10:05:951 INFO  HomePage :44 - click on computers
2019-05-16 10:05:401 INFO  HomePage :29 - click on desktop image
2019-05-16 10:05:113 INFO  HomePage :34 - click on add to cart button
2019-05-16 10:05:123 INFO  HomePage :23 - click on hdd 320GB
2019-05-16 10:05:234 INFO  HomePage :33 - click on add to cart
2019-05-16 10:05:342 INFO  HomePage :28 - check if item is added successfully
2019-05-16 10:05:518 INFO  HomePage :29 - click on register link
2019-05-16 10:05:301 INFO  HomePage :39 - click on female
2019-05-16 10:05:441 INFO  HomePage :44 - enter first name
2019-05-16 10:05:626 INFO  HomePage :49 - enter last name
2019-05-16 10:05:798 INFO  HomePage :54 - select date of birth
2019-05-16 10:05:404 INFO  HomePage :59 - select month of birth
2019-05-16 10:05:650 INFO  HomePage :64 - select year of birth
2019-05-16 10:05:932 INFO  HomePage :69 - enter auto email
2019-05-16 10:05:933 INFO  HomePage :29 - random email generated
2019-05-16 10:05:239 INFO  HomePage :84 - enter company name
2019-05-16 10:05:494 INFO  HomePage :74 - enter password
2019-05-16 10:05:639 INFO  HomePage :79 - enter confirm password
2019-05-16 10:05:803 INFO  HomePage :94 - click on register button
2019-05-16 10:05:101 INFO  HomePage :104 - get registration successful text
2019-05-16 10:05:698 INFO  HomePage :29 - click on register link
2019-05-16 10:05:388 INFO  HomePage :39 - click on female
2019-05-16 10:05:485 INFO  HomePage :44 - enter first name
2019-05-16 10:05:730 INFO  HomePage :49 - enter last name
2019-05-16 10:05:945 INFO  HomePage :54 - select date of birth
2019-05-16 10:05:308 INFO  HomePage :59 - select month of birth
2019-05-16 10:05:567 INFO  HomePage :64 - select year of birth
2019-05-16 10:05:866 INFO  HomePage :69 - enter auto email
2019-05-16 10:05:866 INFO  HomePage :29 - random email generated
2019-05-16 10:05:138 INFO  HomePage :84 - enter company name
2019-05-16 10:05:327 INFO  HomePage :74 - enter password
2019-05-16 10:05:454 INFO  HomePage :79 - enter confirm password
2019-05-16 10:05:572 INFO  HomePage :94 - click on register button
2019-05-16 10:05:601 INFO  HomePage :104 - get registration successful text
2019-05-16 10:05:147 INFO  HomePage :44 - click on computers
2019-05-16 10:05:637 INFO  HomePage :29 - click on desktop image
2019-05-16 10:05:405 INFO  HomePage :19 - click on sort by drop down
2019-05-16 10:05:528 INFO  HomePage :24 - select Z to A
2019-05-16 10:05:812 INFO  HomePage :44 - click on computers
2019-05-16 10:05:215 INFO  HomePage :29 - click on desktop image
2019-05-16 10:05:10 INFO  HomePage :19 - click on sort by drop down
2019-05-16 10:05:118 INFO  HomePage :24 - select Z to A
2019-05-16 10:05:957 INFO  HomePage :44 - click on computers
2019-05-16 10:05:314 INFO  HomePage :29 - click on desktop image
2019-05-16 10:05:519 INFO  HomePage :19 - click on sort by drop down
2019-05-16 10:05:639 INFO  HomePage :24 - select Z to A
2019-05-16 10:05:307 INFO  HomePage :44 - click on computers
2019-05-16 10:05:805 INFO  HomePage :29 - click on desktop image
2019-05-16 10:05:159 INFO  HomePage :19 - click on sort by drop down
2019-05-16 10:05:284 INFO  HomePage :24 - select Z to A
2019-05-16 10:05:924 INFO  HomePage :44 - click on computers
2019-05-16 10:05:440 INFO  HomePage :29 - click on desktop image
2019-05-16 10:05:693 INFO  HomePage :19 - click on sort by drop down
2019-05-16 10:05:814 INFO  HomePage :24 - select Z to A
2019-05-16 12:05:678 INFO  HomePage :44 - click on computers
2019-05-16 12:05:770 INFO  HomePage :29 - click on desktop image
2019-05-16 12:05:72 INFO  HomePage :19 - click on sort by drop down
2019-05-16 12:05:735 INFO  HomePage :44 - click on computers
2019-05-16 12:05:103 INFO  HomePage :29 - click on desktop image
2019-05-16 12:05:875 INFO  HomePage :19 - click on sort by drop down
2019-05-16 12:05:11 INFO  HomePage :44 - click on computers
2019-05-16 12:05:361 INFO  HomePage :29 - click on desktop image
2019-05-16 12:05:87 INFO  HomePage :19 - click on sort by drop down
2019-05-16 12:05:432 INFO  HomePage :44 - click on computers
2019-05-16 12:05:806 INFO  HomePage :29 - click on desktop image
2019-05-16 12:05:870 INFO  HomePage :44 - click on computers
2019-05-16 12:05:784 INFO  HomePage :29 - click on desktop image
2019-05-16 12:05:168 INFO  HomePage :44 - click on computers
2019-05-16 12:05:660 INFO  HomePage :29 - click on desktop image
2019-05-16 12:05:143 INFO  HomePage :44 - click on computers
2019-05-16 12:05:723 INFO  HomePage :29 - click on desktop image
2019-05-16 12:05:912 INFO  HomePage :19 - click on sort by drop down
2019-05-16 12:05:390 INFO  HomePage :24 - select Z to A
2019-05-16 12:05:20 INFO  HomePage :44 - click on computers
2019-05-16 12:05:401 INFO  HomePage :29 - click on desktop image
2019-05-16 12:05:235 INFO  HomePage :19 - click on sort by drop down
2019-05-16 12:05:419 INFO  HomePage :24 - select Z to A
2019-05-16 12:05:311 INFO  HomePage :44 - click on computers
2019-05-16 12:05:909 INFO  HomePage :29 - click on desktop image
2019-05-16 12:05:507 INFO  HomePage :19 - click on sort by drop down
2019-05-16 12:05:674 INFO  HomePage :24 - select Z to A
2019-05-16 12:05:537 INFO  HomePage :44 - click on computers
2019-05-16 12:05:931 INFO  HomePage :29 - click on desktop image
2019-05-16 12:05:443 INFO  HomePage :19 - click on sort by drop down
2019-05-16 12:05:585 INFO  HomePage :24 - select Z to A
2019-05-16 12:05:35 INFO  HomePage :44 - click on computers
2019-05-16 12:05:522 INFO  HomePage :29 - click on desktop image
2019-05-16 12:05:239 INFO  HomePage :19 - click on sort by drop down
2019-05-16 12:05:416 INFO  HomePage :24 - select Z to A
2019-05-16 12:05:551 INFO  HomePage :44 - click on computers
2019-05-16 12:05:708 INFO  HomePage :29 - click on desktop image
2019-05-16 12:05:201 INFO  HomePage :19 - click on sort by drop down
2019-05-16 12:05:321 INFO  HomePage :24 - select Z to A
2019-05-16 12:05:640 INFO  HomePage :44 - click on computers
2019-05-16 12:05:222 INFO  HomePage :29 - click on desktop image
2019-05-16 12:05:291 INFO  HomePage :19 - click on sort by drop down
2019-05-16 12:05:435 INFO  HomePage :24 - select Z to A
2019-05-16 12:05:963 INFO  HomePage :44 - click on computers
2019-05-16 12:05:381 INFO  HomePage :29 - click on desktop image
2019-05-16 12:05:915 INFO  HomePage :19 - click on sort by drop down
2019-05-16 12:05:44 INFO  HomePage :24 - select Z to A
2019-05-16 12:05:641 INFO  HomePage :44 - click on computers
2019-05-16 12:05:292 INFO  HomePage :29 - click on desktop image
2019-05-16 12:05:385 INFO  HomePage :19 - click on sort by drop down
2019-05-16 12:05:521 INFO  HomePage :24 - select Z to A
2019-05-16 13:05:174 INFO  HomePage :44 - click on computers
2019-05-16 13:05:576 INFO  HomePage :29 - click on desktop image
2019-05-16 13:05:208 INFO  HomePage :19 - click on sort by drop down
2019-05-16 13:05:320 INFO  HomePage :24 - select Z to A
2019-05-16 13:05:244 INFO  HomePage :44 - click on computers
2019-05-16 13:05:674 INFO  HomePage :29 - click on desktop image
2019-05-16 13:05:336 INFO  HomePage :19 - click on sort by drop down
2019-05-16 13:05:530 INFO  HomePage :24 - select Z to A
2019-05-16 13:05:735 INFO  HomePage :44 - click on computers
2019-05-16 13:05:844 INFO  HomePage :29 - click on desktop image
2019-05-16 13:05:856 INFO  HomePage :19 - click on sort by drop down
2019-05-16 13:05:15 INFO  HomePage :24 - select Z to A
2019-05-16 13:05:965 INFO  HomePage :44 - click on computers
2019-05-16 13:05:421 INFO  HomePage :29 - click on desktop image
2019-05-16 13:05:272 INFO  HomePage :19 - click on sort by drop down
2019-05-16 13:05:601 INFO  HomePage :24 - select Z to A
2019-05-16 13:05:137 INFO  HomePage :44 - click on computers
2019-05-16 13:05:616 INFO  HomePage :29 - click on desktop image
2019-05-16 13:05:222 INFO  HomePage :19 - click on sort by drop down
2019-05-16 13:05:432 INFO  HomePage :24 - select Z to A
2019-05-16 13:05:633 INFO  HomePage :44 - click on computers
2019-05-16 13:05:892 INFO  HomePage :29 - click on desktop image
2019-05-16 13:05:130 INFO  HomePage :19 - click on sort by drop down
2019-05-16 13:05:261 INFO  HomePage :24 - select Z to A
2019-05-16 13:05:856 INFO  HomePage :44 - click on computers
2019-05-16 13:05:741 INFO  HomePage :29 - click on desktop image
2019-05-16 13:05:06 INFO  HomePage :19 - click on sort by drop down
2019-05-16 13:05:149 INFO  HomePage :24 - select Z to A
2019-05-16 13:05:797 INFO  HomePage :44 - click on computers
2019-05-16 13:05:223 INFO  HomePage :29 - click on desktop image
2019-05-16 13:05:355 INFO  HomePage :19 - click on sort by drop down
2019-05-16 13:05:446 INFO  HomePage :24 - select Z to A
2019-05-16 13:05:158 INFO  HomePage :44 - click on computers
2019-05-16 13:05:140 INFO  HomePage :29 - click on desktop image
2019-05-16 13:05:510 INFO  HomePage :19 - click on sort by drop down
2019-05-16 13:05:311 INFO  HomePage :24 - select Z to A
2019-05-16 13:05:731 INFO  HomePage :44 - click on computers
2019-05-16 13:05:729 INFO  HomePage :29 - click on desktop image
2019-05-16 13:05:337 INFO  HomePage :44 - click on computers
2019-05-16 13:05:07 INFO  HomePage :29 - click on desktop image
2019-05-16 14:05:733 INFO  HomePage :44 - click on computers
2019-05-16 14:05:637 INFO  HomePage :29 - click on desktop image
2019-05-16 14:05:710 INFO  HomePage :44 - click on computers
2019-05-16 14:05:330 INFO  HomePage :29 - click on desktop image
2019-05-16 14:05:587 INFO  HomePage :44 - click on computers
2019-05-16 14:05:93 INFO  HomePage :29 - click on desktop image
2019-05-16 14:05:786 INFO  HomePage :44 - click on computers
2019-05-16 14:05:527 INFO  HomePage :29 - click on desktop image
2019-05-16 14:05:686 INFO  HomePage :44 - click on computers
2019-05-16 14:05:122 INFO  HomePage :29 - click on desktop image
2019-05-16 14:05:301 INFO  HomePage :19 - click on sort by drop down
2019-05-16 14:05:806 INFO  HomePage :24 - select Z to A
2019-05-16 14:05:359 INFO  HomePage :44 - click on computers
2019-05-16 14:05:211 INFO  HomePage :29 - click on desktop image
2019-05-16 14:05:63 INFO  HomePage :34 - click on add to cart button
2019-05-16 14:05:93 INFO  HomePage :23 - click on hdd 320GB
2019-05-16 14:05:300 INFO  HomePage :33 - click on add to cart
2019-05-16 14:05:409 INFO  HomePage :28 - check if item is added successfully
2019-05-16 14:05:649 INFO  HomePage :24 - click on login link
2019-05-16 14:05:413 INFO  HomePage :18 - enter email address
2019-05-16 14:05:785 INFO  HomePage :23 - enter password
2019-05-16 14:05:936 INFO  HomePage :28 - click on login button
2019-05-16 14:05:109 INFO  HomePage :44 - click on computers
2019-05-16 14:05:452 INFO  HomePage :29 - click on desktop image
2019-05-16 14:05:149 INFO  HomePage :19 - click on sort by drop down
2019-05-16 14:05:301 INFO  HomePage :24 - select Z to A
2019-05-16 14:05:827 INFO  HomePage :44 - click on computers
2019-05-16 14:05:293 INFO  HomePage :29 - click on desktop image
2019-05-16 14:05:671 INFO  HomePage :34 - click on add to cart button
2019-05-16 14:05:852 INFO  HomePage :18 - get build you own page text
2019-05-16 14:05:119 INFO  HomePage :44 - click on computers
2019-05-16 14:05:569 INFO  HomePage :24 - get computer page text
2019-05-16 14:05:641 INFO  HomePage :44 - click on computers
2019-05-16 14:05:246 INFO  HomePage :29 - click on desktop image
2019-05-16 14:05:443 INFO  HomePage :39 - get desktop text
2019-05-16 14:05:946 INFO  HomePage :24 - click on login link
2019-05-16 14:05:378 INFO  HomePage :33 - get welcome text
2019-05-16 14:05:17 INFO  HomePage :29 - click on register link
2019-05-16 14:05:256 INFO  HomePage :99 - get register page text
2019-05-16 14:05:890 INFO  HomePage :29 - click on register link
2019-05-16 14:05:288 INFO  HomePage :39 - click on female
2019-05-16 14:05:397 INFO  HomePage :44 - enter first name
2019-05-16 14:05:662 INFO  HomePage :49 - enter last name
2019-05-16 14:05:868 INFO  HomePage :54 - select date of birth
2019-05-16 14:05:162 INFO  HomePage :59 - select month of birth
2019-05-16 14:05:385 INFO  HomePage :64 - select year of birth
2019-05-16 14:05:626 INFO  HomePage :69 - enter auto email
2019-05-16 14:05:627 INFO  HomePage :29 - random email generated
2019-05-16 14:05:908 INFO  HomePage :84 - enter company name
2019-05-16 14:05:82 INFO  HomePage :74 - enter password
2019-05-16 14:05:202 INFO  HomePage :79 - enter confirm password
2019-05-16 14:05:314 INFO  HomePage :94 - click on register button
2019-05-16 14:05:728 INFO  HomePage :104 - get registration successful text
2019-05-16 14:05:471 INFO  HomePage :44 - click on computers
2019-05-16 14:05:545 INFO  HomePage :29 - click on desktop image
2019-05-16 14:05:157 INFO  HomePage :34 - click on add to cart button
2019-05-16 14:05:497 INFO  HomePage :23 - click on hdd 320GB
2019-05-16 14:05:608 INFO  HomePage :33 - click on add to cart
2019-05-16 14:05:736 INFO  HomePage :28 - check if item is added successfully
2019-05-16 14:05:465 INFO  HomePage :24 - click on login link
2019-05-16 14:05:139 INFO  HomePage :18 - enter email address
2019-05-16 14:05:834 INFO  HomePage :23 - enter password
2019-05-16 14:05:21 INFO  HomePage :28 - click on login button
2019-05-16 14:05:100 INFO  HomePage :44 - click on computers
2019-05-16 14:05:07 INFO  HomePage :29 - click on desktop image
2019-05-16 14:05:24 INFO  HomePage :19 - click on sort by drop down
2019-05-16 14:05:444 INFO  HomePage :24 - select Z to A
2019-05-16 14:05:696 INFO  HomePage :44 - click on computers
2019-05-16 14:05:190 INFO  HomePage :29 - click on desktop image
2019-05-16 14:05:940 INFO  HomePage :34 - click on add to cart button
2019-05-16 14:05:57 INFO  HomePage :18 - get build you own page text
2019-05-16 14:05:147 INFO  HomePage :44 - click on computers
2019-05-16 14:05:86 INFO  HomePage :24 - get computer page text
2019-05-16 14:05:69 INFO  HomePage :44 - click on computers
2019-05-16 14:05:69 INFO  HomePage :29 - click on desktop image
2019-05-16 14:05:859 INFO  HomePage :39 - get desktop text
2019-05-16 14:05:844 INFO  HomePage :24 - click on login link
2019-05-16 14:05:635 INFO  HomePage :33 - get welcome text
2019-05-16 14:05:620 INFO  HomePage :29 - click on register link
2019-05-16 14:05:862 INFO  HomePage :99 - get register page text
2019-05-16 14:05:210 INFO  HomePage :29 - click on register link
2019-05-16 14:05:274 INFO  HomePage :39 - click on female
2019-05-16 14:05:455 INFO  HomePage :44 - enter first name
2019-05-16 14:05:880 INFO  HomePage :49 - enter last name
2019-05-16 14:05:129 INFO  HomePage :54 - select date of birth
2019-05-16 14:05:485 INFO  HomePage :59 - select month of birth
2019-05-16 14:05:759 INFO  HomePage :64 - select year of birth
2019-05-16 14:05:54 INFO  HomePage :69 - enter auto email
2019-05-16 14:05:54 INFO  HomePage :29 - random email generated
2019-05-16 14:05:346 INFO  HomePage :84 - enter company name
2019-05-16 14:05:546 INFO  HomePage :74 - enter password
2019-05-16 14:05:710 INFO  HomePage :79 - enter confirm password
2019-05-16 14:05:846 INFO  HomePage :94 - click on register button
2019-05-16 14:05:319 INFO  HomePage :104 - get registration successful text
2019-05-26 11:05:925 INFO  HomePage :44 - click on computers
2019-05-26 11:05:971 INFO  HomePage :29 - click on desktop image
2019-05-26 11:05:960 INFO  HomePage :34 - click on add to cart button
2019-05-26 11:05:429 INFO  HomePage :23 - click on hdd 320GB
2019-05-26 11:05:944 INFO  HomePage :33 - click on add to cart
2019-05-26 11:05:127 INFO  HomePage :28 - check if item is added successfully
2019-05-26 11:05:575 INFO  HomePage :24 - click on login link
2019-05-26 11:05:553 INFO  HomePage :18 - enter email address
2019-05-26 11:05:475 INFO  HomePage :23 - enter password
2019-05-26 11:05:753 INFO  HomePage :28 - click on login button
2019-05-26 11:05:256 INFO  HomePage :44 - click on computers
2019-05-26 11:05:321 INFO  HomePage :29 - click on desktop image
2019-05-26 11:05:708 INFO  HomePage :19 - click on sort by drop down
2019-05-26 11:05:974 INFO  HomePage :24 - select Z to A
2019-05-26 11:05:51 INFO  HomePage :24 - click on login link
2019-05-26 11:05:184 INFO  HomePage :18 - enter email address
2019-05-26 11:05:770 INFO  HomePage :23 - enter password
2019-05-26 11:05:14 INFO  HomePage :28 - click on login button
2019-05-26 11:05:272 INFO  HomePage :47 - Verify that user is logged in successfully
2019-05-26 11:05:227 INFO  HomePage :44 - click on computers
2019-05-26 11:05:925 INFO  HomePage :29 - click on desktop image
2019-05-26 11:05:110 INFO  HomePage :34 - click on add to cart button
2019-05-26 11:05:963 INFO  HomePage :23 - click on hdd 320GB
2019-05-26 11:05:91 INFO  HomePage :33 - click on add to cart
2019-05-26 11:05:258 INFO  HomePage :28 - check if item is added successfully
2019-05-26 11:05:300 INFO  HomePage :24 - click on login link
2019-05-26 11:05:155 INFO  HomePage :18 - enter email address
2019-05-26 11:05:463 INFO  HomePage :23 - enter password
2019-05-26 11:05:617 INFO  HomePage :28 - click on login button
2019-05-26 11:05:778 INFO  HomePage :44 - click on computers
2019-05-26 11:05:961 INFO  HomePage :29 - click on desktop image
2019-05-26 11:05:77 INFO  HomePage :19 - click on sort by drop down
2019-05-26 11:05:332 INFO  HomePage :24 - select Z to A
2019-05-26 11:05:212 INFO  HomePage :24 - click on login link
2019-05-26 11:05:746 INFO  HomePage :18 - enter email address
2019-05-26 11:05:919 INFO  HomePage :23 - enter password
2019-05-26 11:05:84 INFO  HomePage :28 - click on login button
2019-05-26 11:05:254 INFO  HomePage :47 - Verify that user is logged in successfully
2019-05-26 11:05:413 INFO  HomePage :53 - click on apparel
2019-05-26 11:05:848 INFO  HomePage :20 - Verify that User is on apparel page
2019-05-26 11:05:849 INFO  HomePage :15 - Get Apparel Page Text
2019-05-26 11:05:541 INFO  HomePage :63 - click on books
2019-05-26 11:05:165 INFO  HomePage :20 - Verify that User is on Books Page
2019-05-26 11:05:166 INFO  HomePage :15 - Get Books Page Text
2019-05-26 11:05:420 INFO  HomePage :44 - click on computers
2019-05-26 11:05:469 INFO  HomePage :29 - click on desktop image
2019-05-26 11:05:271 INFO  HomePage :34 - click on add to cart button
2019-05-26 11:05:392 INFO  HomePage :18 - get build you own page text
2019-05-26 11:05:62 INFO  HomePage :44 - click on computers
2019-05-26 11:05:189 INFO  HomePage :24 - get computer page text
2019-05-26 11:05:457 INFO  HomePage :44 - click on computers
2019-05-26 11:05:192 INFO  HomePage :29 - click on desktop image
2019-05-26 11:05:212 INFO  HomePage :39 - get desktop text
2019-05-26 11:05:171 INFO  HomePage :58 - click on digital download
2019-05-26 11:05:911 INFO  HomePage :20 - Verify that user is on digital download page
2019-05-26 11:05:912 INFO  HomePage :15 - Get digital downloads page text
2019-05-26 11:05:103 INFO  HomePage :48 - click on electronics
2019-05-26 11:05:19 INFO  HomePage :19 - Verify that user is on electronics page
2019-05-26 11:05:19 INFO  HomePage :14 - Get electronics page text
2019-05-26 11:05:867 INFO  HomePage :73 - click on gift cards
2019-05-26 11:05:441 INFO  HomePage :19 - Verify that user is on gifts cards page
2019-05-26 11:05:441 INFO  HomePage :14 - Get gift cards page text
2019-05-26 11:05:718 INFO  HomePage :68 - click on jewellery
2019-05-26 11:05:827 INFO  HomePage :20 - Verify that user is on Jewellery Page
2019-05-26 11:05:828 INFO  HomePage :15 - Get jewellery page text
2019-05-26 11:05:437 INFO  HomePage :24 - click on login link
2019-05-26 11:05:259 INFO  HomePage :33 - get welcome text
2019-05-26 11:05:955 INFO  HomePage :29 - click on register link
2019-05-26 11:05:902 INFO  HomePage :99 - get register page text
2019-05-26 11:05:415 INFO  HomePage :29 - click on register link
2019-05-26 11:05:863 INFO  HomePage :39 - click on female
2019-05-26 11:05:09 INFO  HomePage :44 - enter first name
2019-05-26 11:05:432 INFO  HomePage :49 - enter last name
2019-05-26 11:05:638 INFO  HomePage :54 - select date of birth
2019-05-26 11:05:70 INFO  HomePage :59 - select month of birth
2019-05-26 11:05:332 INFO  HomePage :64 - select year of birth
2019-05-26 11:05:581 INFO  HomePage :69 - enter auto email
2019-05-26 11:05:582 INFO  HomePage :29 - random email generated
2019-05-26 11:05:974 INFO  HomePage :84 - enter company name
2019-05-26 11:05:186 INFO  HomePage :74 - enter password
2019-05-26 11:05:396 INFO  HomePage :79 - enter confirm password
2019-05-26 11:05:527 INFO  HomePage :94 - click on register button
2019-05-26 11:05:783 INFO  HomePage :104 - get registration successful text
2019-05-26 11:05:184 INFO  HomePage :24 - click on login link
2019-05-26 11:05:127 INFO  HomePage :18 - enter email address
2019-05-26 11:05:333 INFO  HomePage :23 - enter password
2019-05-26 11:05:450 INFO  HomePage :28 - click on login button
2019-05-26 11:05:120 INFO  HomePage :47 - Verify that user is logged in successfully
2019-05-26 11:05:742 INFO  HomePage :24 - click on login link
2019-05-26 11:05:775 INFO  HomePage :19 - enter email address
2019-05-26 11:05:33 INFO  HomePage :24 - enter password
2019-05-26 11:05:167 INFO  HomePage :29 - click on login button
2019-05-26 11:05:214 INFO  HomePage :48 - Verify that user is logged in successfully
2019-05-26 11:05:723 INFO  HomePage :44 - click on computers
2019-05-26 11:05:177 INFO  HomePage :29 - click on desktop image
2019-05-26 11:05:82 INFO  HomePage :34 - click on add to cart button
2019-05-26 11:05:461 INFO  HomePage :23 - click on hdd 320GB
2019-05-26 11:05:591 INFO  HomePage :33 - click on add to cart
2019-05-26 11:05:693 INFO  HomePage :28 - check if item is added successfully
2019-05-26 11:05:401 INFO  HomePage :24 - click on login link
2019-05-26 11:05:926 INFO  HomePage :19 - enter email address
2019-05-26 11:05:153 INFO  HomePage :24 - enter password
2019-05-26 11:05:280 INFO  HomePage :29 - click on login button
2019-05-26 11:05:423 INFO  HomePage :44 - click on computers
2019-05-26 11:05:380 INFO  HomePage :29 - click on desktop image
2019-05-26 11:05:89 INFO  HomePage :19 - click on sort by drop down
2019-05-26 11:05:262 INFO  HomePage :24 - select Z to A
2019-05-26 11:05:749 INFO  HomePage :24 - click on login link
2019-05-26 11:05:214 INFO  HomePage :19 - enter email address
2019-05-26 11:05:383 INFO  HomePage :24 - enter password
2019-05-26 11:05:526 INFO  HomePage :29 - click on login button
2019-05-26 11:05:877 INFO  HomePage :48 - Verify that user is logged in successfully
2019-05-26 11:05:928 INFO  HomePage :53 - click on apparel
2019-05-26 11:05:766 INFO  HomePage :20 - Verify that User is on apparel page
2019-05-26 11:05:766 INFO  HomePage :15 - Get Apparel Page Text
2019-05-26 11:05:376 INFO  HomePage :63 - click on books
2019-05-26 11:05:829 INFO  HomePage :20 - Verify that User is on Books Page
2019-05-26 11:05:829 INFO  HomePage :15 - Get Books Page Text
2019-05-26 11:05:47 INFO  HomePage :44 - click on computers
2019-05-26 11:05:794 INFO  HomePage :29 - click on desktop image
2019-05-26 11:05:538 INFO  HomePage :34 - click on add to cart button
2019-05-26 11:05:646 INFO  HomePage :18 - get build you own page text
2019-05-26 11:05:186 INFO  HomePage :44 - click on computers
2019-05-26 11:05:298 INFO  HomePage :24 - get computer page text
2019-05-26 11:05:461 INFO  HomePage :44 - click on computers
2019-05-26 11:05:194 INFO  HomePage :29 - click on desktop image
2019-05-26 11:05:513 INFO  HomePage :39 - get desktop text
2019-05-26 11:05:100 INFO  HomePage :58 - click on digital download
2019-05-26 11:05:685 INFO  HomePage :20 - Verify that user is on digital download page
2019-05-26 11:05:686 INFO  HomePage :15 - Get digital downloads page text
2019-05-26 11:05:627 INFO  HomePage :48 - click on electronics
2019-05-26 11:05:774 INFO  HomePage :19 - Verify that user is on electronics page
2019-05-26 11:05:775 INFO  HomePage :14 - Get electronics page text
2019-05-26 11:05:78 INFO  HomePage :73 - click on gift cards
2019-05-26 11:05:13 INFO  HomePage :19 - Verify that user is on gifts cards page
2019-05-26 11:05:14 INFO  HomePage :14 - Get gift cards page text
2019-05-26 11:05:797 INFO  HomePage :68 - click on jewellery
2019-05-26 11:05:269 INFO  HomePage :20 - Verify that user is on Jewellery Page
2019-05-26 11:05:270 INFO  HomePage :15 - Get jewellery page text
2019-05-26 11:05:741 INFO  HomePage :24 - click on login link
2019-05-26 11:05:287 INFO  HomePage :34 - get welcome text
2019-05-26 11:05:153 INFO  HomePage :29 - click on register link
2019-05-26 11:05:02 INFO  HomePage :99 - get register page text
2019-05-26 11:05:56 INFO  HomePage :29 - click on register link
2019-05-26 11:05:682 INFO  HomePage :39 - click on female
2019-05-26 11:05:831 INFO  HomePage :44 - enter first name
2019-05-26 11:05:109 INFO  HomePage :49 - enter last name
2019-05-26 11:05:310 INFO  HomePage :54 - select date of birth
2019-05-26 11:05:586 INFO  HomePage :59 - select month of birth
2019-05-26 11:05:847 INFO  HomePage :64 - select year of birth
2019-05-26 11:05:113 INFO  HomePage :69 - enter auto email
2019-05-26 11:05:113 INFO  HomePage :29 - random email generated
2019-05-26 11:05:421 INFO  HomePage :84 - enter company name
2019-05-26 11:05:619 INFO  HomePage :74 - enter password
2019-05-26 11:05:743 INFO  HomePage :79 - enter confirm password
2019-05-26 11:05:857 INFO  HomePage :94 - click on register button
2019-05-26 11:05:928 INFO  HomePage :104 - get registration successful text
2019-05-26 20:05:627 INFO  HomePage :24 - click on login link
2019-05-26 20:05:787 INFO  LoginPage :19 - enter email address
2019-05-26 20:05:283 INFO  LoginPage :24 - enter password
2019-05-26 20:05:485 INFO  LoginPage :29 - click on login button
2019-05-26 20:05:223 INFO  LoginPage :48 - Verify that user is logged in successfully
2019-05-26 20:05:500 INFO  HomePage :44 - click on computers
2019-05-26 20:05:80 INFO  ComputerPage :29 - click on desktop image
2019-05-26 20:05:894 INFO  DesktopPage :34 - click on add to cart button
2019-05-26 20:05:348 INFO  BuildYourOwnPage :23 - click on hdd 320GB
2019-05-26 20:05:488 INFO  BuildYourOwnPage :33 - click on add to cart
2019-05-26 20:05:625 INFO  BuildYourOwnPage :28 - check if item is added successfully
2019-05-26 20:05:802 INFO  HomePage :24 - click on login link
2019-05-26 20:05:634 INFO  LoginPage :19 - enter email address
2019-05-26 20:05:995 INFO  LoginPage :24 - enter password
2019-05-26 20:05:142 INFO  LoginPage :29 - click on login button
2019-05-26 20:05:527 INFO  HomePage :44 - click on computers
2019-05-26 20:05:26 INFO  ComputerPage :29 - click on desktop image
2019-05-26 20:05:284 INFO  DesktopPage :19 - click on sort by drop down
2019-05-26 20:05:26 INFO  DesktopPage :24 - select Z to A
2019-05-26 20:05:145 INFO  HomePage :24 - click on login link
2019-05-26 20:05:701 INFO  LoginPage :19 - enter email address
2019-05-26 20:05:966 INFO  LoginPage :24 - enter password
2019-05-26 20:05:103 INFO  LoginPage :29 - click on login button
2019-05-26 20:05:997 INFO  LoginPage :48 - Verify that user is logged in successfully
2019-05-26 20:05:279 INFO  HomePage :53 - click on apparel
2019-05-26 20:05:511 INFO  ApparelPage :20 - Verify that User is on apparel page
2019-05-26 20:05:511 INFO  ApparelPage :15 - Get Apparel Page Text
2019-05-26 20:05:196 INFO  HomePage :63 - click on books
2019-05-26 20:05:244 INFO  BooksPage :20 - Verify that User is on Books Page
2019-05-26 20:05:245 INFO  BooksPage :15 - Get Books Page Text
2019-05-26 20:05:523 INFO  HomePage :44 - click on computers
2019-05-26 20:05:563 INFO  ComputerPage :29 - click on desktop image
2019-05-26 20:05:349 INFO  DesktopPage :34 - click on add to cart button
2019-05-26 20:05:468 INFO  BuildYourOwnPage :18 - get build you own page text
2019-05-26 20:05:857 INFO  HomePage :44 - click on computers
2019-05-26 20:05:323 INFO  ComputerPage :24 - get computer page text
2019-05-26 20:05:633 INFO  HomePage :44 - click on computers
2019-05-26 20:05:298 INFO  ComputerPage :29 - click on desktop image
2019-05-26 20:05:692 INFO  DesktopPage :39 - get desktop text
2019-05-26 20:05:274 INFO  HomePage :58 - click on digital download
2019-05-26 20:05:952 INFO  DigitalDownloadsPage :20 - Verify that user is on digital download page
2019-05-26 20:05:952 INFO  DigitalDownloadsPage :15 - Get digital downloads page text
2019-05-26 20:05:987 INFO  HomePage :48 - click on electronics
2019-05-26 20:05:86 INFO  ElectronicsPage :19 - Verify that user is on electronics page
2019-05-26 20:05:87 INFO  ElectronicsPage :14 - Get electronics page text
2019-05-26 20:05:131 INFO  HomePage :73 - click on gift cards
2019-05-26 20:05:218 INFO  GiftCardsPage :19 - Verify that user is on gifts cards page
2019-05-26 20:05:218 INFO  GiftCardsPage :14 - Get gift cards page text
2019-05-26 20:05:311 INFO  HomePage :68 - click on jewellery
2019-05-26 20:05:218 INFO  JewelleryPage :20 - Verify that user is on Jewellery Page
2019-05-26 20:05:219 INFO  JewelleryPage :15 - Get jewellery page text
2019-05-26 20:05:323 INFO  HomePage :24 - click on login link
2019-05-26 20:05:182 INFO  LoginPage :34 - get welcome text
2019-05-26 20:05:73 INFO  HomePage :29 - click on register link
2019-05-26 20:05:665 INFO  RegistrationPage :99 - get register page text
2019-05-26 20:05:437 INFO  HomePage :29 - click on register link
2019-05-26 20:05:621 INFO  RegistrationPage :39 - click on female
2019-05-26 20:05:712 INFO  RegistrationPage :44 - enter first name
2019-05-26 20:05:138 INFO  RegistrationPage :49 - enter last name
2019-05-26 20:05:324 INFO  RegistrationPage :54 - select date of birth
2019-05-26 20:05:637 INFO  RegistrationPage :59 - select month of birth
2019-05-26 20:05:897 INFO  RegistrationPage :64 - select year of birth
2019-05-26 20:05:161 INFO  RegistrationPage :69 - enter auto email
2019-05-26 20:05:162 INFO  RegistrationPage :29 - random email generated
2019-05-26 20:05:732 INFO  RegistrationPage :84 - enter company name
2019-05-26 20:05:925 INFO  RegistrationPage :74 - enter password
2019-05-26 20:05:84 INFO  RegistrationPage :79 - enter confirm password
2019-05-26 20:05:212 INFO  RegistrationPage :94 - click on register button
2019-05-26 20:05:668 INFO  RegistrationPage :104 - get registration successful text
2019-05-26 21:05:219 INFO  HomePage :44 - click on computers
2019-05-26 21:05:215 INFO  HomePage :44 - click on computers
2019-05-26 21:05:179 INFO  ComputerPage :29 - click on desktop image
2019-05-26 21:05:268 INFO  DesktopPage :19 - click on sort by drop down
2019-05-26 21:05:929 INFO  DesktopPage :24 - select Z to A
2019-05-26 21:05:120 INFO  HomePage :24 - click on login link
2019-05-26 21:05:313 INFO  LoginPage :19 - enter email address
2019-05-26 21:05:995 INFO  LoginPage :24 - enter password
2019-05-26 21:05:364 INFO  LoginPage :29 - click on login button
2019-05-26 21:05:328 INFO  HomePage :24 - click on login link
2019-05-26 21:05:662 INFO  LoginPage :19 - enter email address
2019-05-26 21:05:814 INFO  LoginPage :24 - enter password
2019-05-26 21:05:960 INFO  LoginPage :29 - click on login button
2019-05-26 21:05:720 INFO  LoginPage :48 - Verify that user is logged in successfully
2019-05-26 21:05:97 INFO  HomePage :24 - click on login link
2019-05-26 21:05:838 INFO  LoginPage :19 - enter email address
2019-05-26 21:05:716 INFO  LoginPage :24 - enter password
2019-05-26 21:05:942 INFO  LoginPage :29 - click on login button
2019-05-26 21:05:127 INFO  HomePage :24 - click on login link
2019-05-26 21:05:00 INFO  LoginPage :19 - enter email address
2019-05-26 21:05:224 INFO  LoginPage :24 - enter password
2019-05-26 21:05:412 INFO  LoginPage :29 - click on login button
2019-05-26 21:05:275 INFO  LoginPage :48 - Verify that user is logged in successfully
2019-05-26 21:05:163 INFO  HomePage :24 - click on login link
2019-05-26 21:05:201 INFO  LoginPage :19 - enter email address
2019-05-26 21:05:444 INFO  LoginPage :24 - enter password
2019-05-26 21:05:673 INFO  LoginPage :29 - click on login button
2019-05-26 21:05:660 INFO  HomePage :24 - click on login link
2019-05-26 21:05:53 INFO  LoginPage :19 - enter email address
2019-05-26 21:05:223 INFO  LoginPage :24 - enter password
2019-05-26 21:05:360 INFO  LoginPage :29 - click on login button
2019-05-26 21:05:449 INFO  LoginPage :48 - Verify that user is logged in successfully
2019-05-26 22:05:376 INFO  HomePage :53 - click on apparel
2019-05-26 22:05:781 INFO  ApparelPage :20 - Verify that User is on apparel page
2019-05-26 22:05:783 INFO  ApparelPage :15 - Get Apparel Page Text
2019-05-26 22:05:720 INFO  HomePage :63 - click on books
2019-05-26 22:05:303 INFO  BooksPage :20 - Verify that User is on Books Page
2019-05-26 22:05:304 INFO  BooksPage :15 - Get Books Page Text
2019-05-26 22:05:107 INFO  HomePage :44 - click on computers
2019-05-26 22:05:134 INFO  ComputerPage :24 - get computer page text
2019-05-26 22:05:362 INFO  HomePage :44 - click on computers
2019-05-26 22:05:528 INFO  ComputerPage :29 - click on desktop image
2019-05-26 22:05:314 INFO  DesktopPage :39 - get desktop text
2019-05-26 22:05:786 INFO  HomePage :58 - click on digital download
2019-05-26 22:05:490 INFO  DigitalDownloadsPage :20 - Verify that user is on digital download page
2019-05-26 22:05:491 INFO  DigitalDownloadsPage :15 - Get digital downloads page text
2019-05-26 22:05:549 INFO  HomePage :48 - click on electronics
2019-05-26 22:05:146 INFO  ElectronicsPage :19 - Verify that user is on electronics page
2019-05-26 22:05:147 INFO  ElectronicsPage :14 - Get electronics page text
2019-05-26 22:05:879 INFO  HomePage :73 - click on gift cards
2019-05-26 22:05:651 INFO  GiftCardsPage :19 - Verify that user is on gifts cards page
2019-05-26 22:05:652 INFO  GiftCardsPage :14 - Get gift cards page text
2019-05-26 22:05:788 INFO  HomePage :68 - click on jewellery
2019-05-26 22:05:438 INFO  JewelleryPage :20 - Verify that user is on Jewellery Page
2019-05-26 22:05:439 INFO  JewelleryPage :15 - Get jewellery page text
2019-05-26 22:05:492 INFO  HomePage :24 - click on login link
2019-05-26 22:05:745 INFO  LoginPage :34 - get welcome text
2019-05-26 22:05:628 INFO  HomePage :29 - click on register link
2019-05-26 22:05:107 INFO  RegistrationPage :99 - get register page text
2019-05-26 22:05:140 INFO  HomePage :24 - click on login link
2019-05-26 22:05:533 INFO  LoginPage :19 - enter email address
2019-05-26 22:05:614 INFO  LoginPage :24 - enter password
2019-05-26 22:05:786 INFO  LoginPage :29 - click on login button
2019-05-26 22:05:718 INFO  HomePage :24 - click on login link
2019-05-26 22:05:628 INFO  LoginPage :19 - enter email address
2019-05-26 22:05:862 INFO  LoginPage :24 - enter password
2019-05-26 22:05:49 INFO  LoginPage :29 - click on login button
2019-05-26 22:05:337 INFO  HomePage :24 - click on login link
2019-05-26 22:05:295 INFO  LoginPage :19 - enter email address
2019-05-26 22:05:506 INFO  LoginPage :24 - enter password
2019-05-26 22:05:643 INFO  LoginPage :29 - click on login button
2019-05-26 22:05:59 INFO  HomePage :24 - click on login link
2019-05-26 22:05:614 INFO  LoginPage :19 - enter email address
2019-05-26 22:05:802 INFO  LoginPage :24 - enter password
2019-05-26 22:05:969 INFO  LoginPage :29 - click on login button
2019-05-26 22:05:304 INFO  HomePage :24 - click on login link
2019-05-26 22:05:123 INFO  LoginPage :19 - enter email address
2019-05-26 22:05:423 INFO  LoginPage :24 - enter password
2019-05-26 22:05:565 INFO  LoginPage :29 - click on login button
2019-05-26 22:05:985 INFO  HomePage :24 - click on login link
2019-05-26 22:05:532 INFO  LoginPage :19 - enter email address
2019-05-26 22:05:824 INFO  LoginPage :24 - enter password
2019-05-26 22:05:42 INFO  LoginPage :29 - click on login button
2019-05-26 23:05:965 INFO  HomePage :29 - click on register link
2019-05-26 23:05:194 INFO  RegistrationPage :39 - click on female
2019-05-26 23:05:283 INFO  RegistrationPage :44 - enter first name
2019-05-26 23:05:996 INFO  RegistrationPage :49 - enter last name
2019-05-26 23:05:132 INFO  RegistrationPage :54 - select date of birth
2019-05-26 23:05:57 INFO  RegistrationPage :59 - select month of birth
2019-05-26 23:05:490 INFO  RegistrationPage :64 - select year of birth
2019-05-26 23:05:745 INFO  RegistrationPage :69 - enter auto email
2019-05-26 23:05:745 INFO  RegistrationPage :29 - random email generated
2019-05-26 23:05:333 INFO  RegistrationPage :84 - enter company name
2019-05-26 23:05:516 INFO  RegistrationPage :74 - enter password
2019-05-26 23:05:669 INFO  RegistrationPage :79 - enter confirm password
2019-05-26 23:05:790 INFO  RegistrationPage :94 - click on register button
2019-05-26 23:05:458 INFO  RegistrationPage :104 - get registration successful text
2019-05-26 23:05:21 INFO  HomePage :29 - click on register link
2019-05-26 23:05:506 INFO  RegistrationPage :39 - click on female
2019-05-26 23:05:661 INFO  RegistrationPage :44 - enter first name
2019-05-26 23:05:860 INFO  RegistrationPage :49 - enter last name
2019-05-26 23:05:18 INFO  RegistrationPage :54 - select date of birth
2019-05-26 23:05:391 INFO  RegistrationPage :59 - select month of birth
2019-05-26 23:05:680 INFO  RegistrationPage :64 - select year of birth
2019-05-26 23:05:935 INFO  RegistrationPage :69 - enter auto email
2019-05-26 23:05:936 INFO  RegistrationPage :29 - random email generated
2019-05-26 23:05:201 INFO  RegistrationPage :84 - enter company name
2019-05-26 23:05:388 INFO  RegistrationPage :74 - enter password
2019-05-26 23:05:519 INFO  RegistrationPage :79 - enter confirm password
2019-05-26 23:05:640 INFO  RegistrationPage :94 - click on register button
2019-05-26 23:05:263 INFO  RegistrationPage :104 - get registration successful text
2019-05-27 00:05:946 INFO  HomePage :24 - click on login link
2019-05-27 00:05:583 INFO  LoginPage :19 - enter email address
2019-05-27 00:05:474 INFO  LoginPage :24 - enter password
2019-05-27 00:05:799 INFO  LoginPage :29 - click on login button
2019-05-27 00:05:603 INFO  HomePage :24 - click on login link
2019-05-27 00:05:407 INFO  LoginPage :19 - enter email address
2019-05-27 00:05:557 INFO  LoginPage :24 - enter password
2019-05-27 00:05:663 INFO  LoginPage :29 - click on login button
